Exporter version: 6.3.1, Blender version: 2.80 (sub 75)
========= Conversion from Blender to Babylon.js =========
	Scene settings used :
		Inline textures     :  false
		Material Type       :  STD
		Positions Precision :  4
		Normals Precision   :  2
		UVs Precision       :  3
		Vert Color Precision:  3
		Mat Weight Precision:  2
		Keep Z-up r-handed  :  no
		Texture directory   :  /home/felix/babylon/dist/models/
	Python World class constructor completed
	WARNING: No active camera has been assigned, or is not in a currently selected Blender layer
	processing begun of mesh:  etage-1
		WARNING: No materials have been assigned: 
		num positions      :  783
		num normals        :  783
		num tangents       :  0
		num uvs            :  1566
		num uvs2           :  0
		num colors         :  0
		num indices        :  1050
		WARNING: # of 0 area faces found:  4
	processing begun of mesh:  etage-2
		WARNING: No materials have been assigned: 
		num positions      :  69
		num normals        :  69
		num tangents       :  0
		num uvs            :  138
		num uvs2           :  0
		num colors         :  0
		num indices        :  84
	processing begun of mesh:  etage-3
		WARNING: No materials have been assigned: 
		num positions      :  987
		num normals        :  987
		num tangents       :  0
		num uvs            :  1974
		num uvs2           :  0
		num colors         :  0
		num indices        :  1332
	processing begun of mesh:  etage-dome
		WARNING: No materials have been assigned: 
		num positions      :  1373
		num normals        :  1373
		num tangents       :  0
		num uvs            :  2746
		num uvs2           :  0
		num colors         :  0
		num indices        :  1530
	processing begun of mesh:  pion-f
		WARNING: No materials have been assigned: 
		num positions      :  14290
		num normals        :  14290
		num tangents       :  0
		num uvs            :  28580
		num uvs2           :  0
		num colors         :  0
		num indices        :  62190
		WARNING: # of 0 area faces found:  64
	processing begun of mesh:  pion-h
		processing begun of material:  Material.002
		num positions      :  10575
		num normals        :  10575
		num tangents       :  0
		num uvs            :  21150
		num uvs2           :  0
		num colors         :  0
		num indices        :  58350
========= Writing of JSON file started =========
	writing mesh:  etage-1
	writing mesh:  etage-2
	writing mesh:  etage-3
	writing mesh:  etage-dome
	writing mesh:  pion-f
	writing mesh:  pion-h
========= Writing of JSON file completed =========
========= end of processing =========
elapsed time:  0 min, 2.4778 secs
